+
+
+
    2012-12-07 @ 12:34
    ~~~~~~~~~~~~~~~~~~
    ioctlsocket(FIONREAD) 在 TCP 下没有什么意义。在使用 UDP 的情况下，
    Win32 与 WinCE 平台又有差异。Win32 返回的是总数据长度，可能包含多个包，
    WinCE 下返回的是最前面一个包的大小，不读掉大小不会变的。
+
+
+
    2012-12-07 @ 10:59
    ~~~~~~~~~~~~~~~~~~
    WinCE 下 SOCKET 不支持 MSG_ 系列标志（没有试过所有的版本）。
    如果要写跨平台的通讯代码必须绕过这个问题，不要使用这些标志。
+
+
+
    2012-12-07 @ 09:14
    ~~~~~~~~~~~~~~~~~~
    对于只接收的 UDP 通讯过程中，使用 PEEK 方法接收到数据后发现不是自己
    想要的数据包，必须把这个包丢掉，不然这个包会一直存在在那里，影响后续
    数据包的到来。发送->应答模式可以不这样，因为你发起的端口是系统随机
    给你选择的，不会有其他数据包过来。
+
+
+
    2012-01-23 @ 21:36
    ~~~~~~~~~~~~~~~~~~
    KS0108 所谓的空读一次，指的是人为设定坐标后想要读 RAM 内容，必须先
    空读一次，才能读出正确的内容，之后自动增加坐标时可以不空读直接读内容。
+
+
+
    2012-01-21 @ 22:41
    ~~~~~~~~~~~~~~~~~~
    施密特触发器，会加大输出电平变化的陡峭，会引入信号的延时，加在
    时序电路上要格外小心它对整个系统带来的影响。调试液晶驱动时就吃亏了。
+
+
+
    2012-01-01 @ 14:16
    ~~~~~~~~~~~~~~~~~~
    关于 24CXX 芯片的写操作的轮询检查，在使用 IC 卡的时候可能会把第一页
    数据写零。具体原因应该是和卡的接触有关系。解决方法有：（1）使用固定延时
    等待写的结束；（2）放弃使用第一页的存储区。芯片形式的 24CXX 还没有
    发现有这种现象过。
+
+
+